2025-04-03 03:34:07 [DEBUG]: Debug log test!
2025-04-03 03:34:24 [ERROR]: Route /favicon.ico not found not found - Error: Route /favicon.ico not found not found
    at new NotFoundError (C:\Docusign\Server_docusign\src\utils\errors.ts:22:5)
    at notFoundHandler (C:\Docusign\Server_docusign\src\middlewares\errorHandler.middlewares.ts:80:17)
    at Layer.handleRequest (C:\Docusign\Server_docusign\node_modules\router\lib\layer.js:152:17)
    at trimPrefix (C:\Docusign\Server_docusign\node_modules\router\index.js:342:13)
    at C:\Docusign\Server_docusign\node_modules\router\index.js:297:9
    at processParams (C:\Docusign\Server_docusign\node_modules\router\index.js:582:12)
    at next (C:\Docusign\Server_docusign\node_modules\router\index.js:291:5)
    at SendStream.error (C:\Docusign\Server_docusign\node_modules\serve-static\index.js:120:7)
    at SendStream.emit (node:events:518:28)
    at SendStream.error (C:\Docusign\Server_docusign\node_modules\send\index.js:168:17)
2025-04-03 03:34:28 [DEBUG]: Debug log test!
2025-04-03 03:34:41 [DEBUG]: Debug log test!
2025-04-03 03:34:59 [DEBUG]: Debug log test!
2025-04-03 03:45:17 [DEBUG]: Debug log test!
2025-04-03 03:49:24 [DEBUG]: Debug log test!
2025-04-03 04:22:34 [DEBUG]: Debug log test!
2025-04-03 04:22:41 [DEBUG]: Debug log test!
2025-04-03 04:22:55 [DEBUG]: Debug log test!
2025-04-03 04:23:07 [DEBUG]: Debug log test!
2025-04-03 04:23:13 [DEBUG]: Debug log test!
2025-04-03 04:24:08 [DEBUG]: Debug log test!
2025-04-03 04:24:16 [DEBUG]: Debug log test!
2025-04-03 04:24:36 [DEBUG]: Debug log test!
2025-04-03 04:24:52 [DEBUG]: Debug log test!
2025-04-03 04:24:59 [DEBUG]: Debug log test!
2025-04-03 04:25:13 [DEBUG]: Debug log test!
2025-04-03 04:25:17 [DEBUG]: Debug log test!
2025-04-03 04:25:20 [DEBUG]: Debug log test!
2025-04-03 04:43:47 [DEBUG]: Debug log test!
2025-04-03 04:43:54 [DEBUG]: Debug log test!
2025-04-03 04:43:58 [DEBUG]: Debug log test!
2025-04-03 04:45:01 [DEBUG]: Debug log test!
2025-04-03 04:45:04 [DEBUG]: Debug log test!
2025-04-03 04:47:33 [DEBUG]: Debug log test!
2025-04-03 05:04:52 [DEBUG]: Debug log test!
2025-04-03 05:04:56 [DEBUG]: Debug log test!
2025-04-03 05:05:01 [DEBUG]: Debug log test!
2025-04-03 05:05:53 [DEBUG]: Debug log test!
2025-04-03 05:05:56 [DEBUG]: Debug log test!
2025-04-03 05:06:00 [DEBUG]: Debug log test!
2025-04-03 05:06:03 [DEBUG]: Debug log test!
2025-04-03 05:06:15 [DEBUG]: Debug log test!
2025-04-03 05:07:24 [DEBUG]: Debug log test!
2025-04-03 05:07:32 [DEBUG]: Debug log test!
2025-04-03 05:07:40 [DEBUG]: Debug log test!
2025-04-03 05:08:00 [DEBUG]: Debug log test!
2025-04-03 05:08:35 [DEBUG]: Debug log test!
